[2025-06-26 17:24:17] local.INFO: DocuSeal Configuration Loaded {"api_key_present":true,"api_key_length":43,"api_url":"https://api.docuseal.com","config_api_key":"SET","config_api_url":"https://api.docuseal.com"} 
[2025-06-26 17:24:17] local.INFO: CmsCoverageApiService initialized {"base_url":"https://api.coverage.cms.gov/v1","throttle_limit":9000,"cache_minutes":60,"ppl_api_enabled":false} 
[2025-06-26 17:25:27] local.ERROR: SQLSTATE[23000]: Integrity constraint violation: 1062 Duplicate entry '75423' for key 'docuseal_folders.docuseal_folders_docuseal_folder_id_unique' (Connection: mysql, SQL: insert into `docuseal_folders` (`manufacturer_id`, `folder_name`, `docuseal_folder_id`, `is_active`, `id`, `updated_at`, `created_at`) values (1, ACZ & ASSOCIATES DocuSeal Forms, 75423, 1, 9f3faf48-bc44-4776-8d7e-29f8bd9b8af3, 2025-06-26 17:25:25, 2025-06-26 17:25:25)) {"exception":"[object] (Illuminate\\Database\\UniqueConstraintViolationException(code: 23000): SQLSTATE[23000]: Integrity constraint violation: 1062 Duplicate entry '75423' for key 'docuseal_folders.docuseal_folders_docuseal_folder_id_unique' (Connection: mysql, SQL: insert into `docuseal_folders` (`manufacturer_id`, `folder_name`, `docuseal_folder_id`, `is_active`, `id`, `updated_at`, `created_at`) values (1, ACZ & ASSOCIATES DocuSeal Forms, 75423, 1, 9f3faf48-bc44-4776-8d7e-29f8bd9b8af3, 2025-06-26 17:25:25, 2025-06-26 17:25:25)) at /mnt/c/Users/Richa/wound-care-react-laravel/vendor/laravel/framework/src/Illuminate/Database/Connection.php:820)
[stacktrace]
#0 /mnt/c/Users/Richa/wound-care-react-laravel/vendor/laravel/framework/src/Illuminate/Database/Connection.php(779): Illuminate\\Database\\Connection->runQueryCallback()
#1 /mnt/c/Users/Richa/wound-care-react-laravel/vendor/laravel/framework/src/Illuminate/Database/MySqlConnection.php(42): Illuminate\\Database\\Connection->run()
#2 /mnt/c/Users/Richa/wound-care-react-laravel/vendor/laravel/framework/src/Illuminate/Database/Query/Builder.php(3717): Illuminate\\Database\\MySqlConnection->insert()
#3 /mnt/c/Users/Richa/wound-care-react-laravel/vendor/laravel/framework/src/Illuminate/Database/Eloquent/Builder.php(2120): Illuminate\\Database\\Query\\Builder->insert()
#4 /mnt/c/Users/Richa/wound-care-react-laravel/vendor/laravel/framework/src/Illuminate/Database/Eloquent/Model.php(1335): Illuminate\\Database\\Eloquent\\Builder->__call()
#5 /mnt/c/Users/Richa/wound-care-react-laravel/vendor/laravel/framework/src/Illuminate/Database/Eloquent/Model.php(1163): Illuminate\\Database\\Eloquent\\Model->performInsert()
#6 /mnt/c/Users/Richa/wound-care-react-laravel/vendor/laravel/framework/src/Illuminate/Database/Eloquent/Builder.php(1128): Illuminate\\Database\\Eloquent\\Model->save()
#7 /mnt/c/Users/Richa/wound-care-react-laravel/vendor/laravel/framework/src/Illuminate/Support/helpers.php(399): Illuminate\\Database\\Eloquent\\Builder->Illuminate\\Database\\Eloquent\\{closure}()
#8 /mnt/c/Users/Richa/wound-care-react-laravel/vendor/laravel/framework/src/Illuminate/Database/Eloquent/Builder.php(1127): tap()
#9 /mnt/c/Users/Richa/wound-care-react-laravel/vendor/laravel/framework/src/Illuminate/Database/Eloquent/Builder.php(634): Illuminate\\Database\\Eloquent\\Builder->create()
#10 /mnt/c/Users/Richa/wound-care-react-laravel/vendor/laravel/framework/src/Illuminate/Database/Eloquent/Builder.php(1864): Illuminate\\Database\\Eloquent\\Builder->Illuminate\\Database\\Eloquent\\{closure}()
#11 /mnt/c/Users/Richa/wound-care-react-laravel/vendor/laravel/framework/src/Illuminate/Database/Eloquent/Builder.php(634): Illuminate\\Database\\Eloquent\\Builder->withSavepointIfNeeded()
#12 /mnt/c/Users/Richa/wound-care-react-laravel/vendor/laravel/framework/src/Illuminate/Database/Eloquent/Builder.php(621): Illuminate\\Database\\Eloquent\\Builder->createOrFirst()
#13 /mnt/c/Users/Richa/wound-care-react-laravel/vendor/laravel/framework/src/Illuminate/Database/Eloquent/Builder.php(649): Illuminate\\Database\\Eloquent\\Builder->firstOrCreate()
#14 /mnt/c/Users/Richa/wound-care-react-laravel/vendor/laravel/framework/src/Illuminate/Support/Traits/ForwardsCalls.php(23): Illuminate\\Database\\Eloquent\\Builder->updateOrCreate()
#15 /mnt/c/Users/Richa/wound-care-react-laravel/vendor/laravel/framework/src/Illuminate/Database/Eloquent/Model.php(2372): Illuminate\\Database\\Eloquent\\Model->forwardCallTo()
#16 /mnt/c/Users/Richa/wound-care-react-laravel/vendor/laravel/framework/src/Illuminate/Database/Eloquent/Model.php(2384): Illuminate\\Database\\Eloquent\\Model->__call()
#17 /mnt/c/Users/Richa/wound-care-react-laravel/database/seeders/DocusealTemplateSeeder.php(130): Illuminate\\Database\\Eloquent\\Model::__callStatic()
#18 /mnt/c/Users/Richa/wound-care-react-laravel/vendor/laravel/framework/src/Illuminate/Container/BoundMethod.php(36): Database\\Seeders\\DocusealTemplateSeeder->run()
#19 /mnt/c/Users/Richa/wound-care-react-laravel/vendor/laravel/framework/src/Illuminate/Container/Util.php(43): Illuminate\\Container\\BoundMethod::Illuminate\\Container\\{closure}()
#20 /mnt/c/Users/Richa/wound-care-react-laravel/vendor/laravel/framework/src/Illuminate/Container/BoundMethod.php(95): Illuminate\\Container\\Util::unwrapIfClosure()
#21 /mnt/c/Users/Richa/wound-care-react-laravel/vendor/laravel/framework/src/Illuminate/Container/BoundMethod.php(35): Illuminate\\Container\\BoundMethod::callBoundMethod()
#22 /mnt/c/Users/Richa/wound-care-react-laravel/vendor/laravel/framework/src/Illuminate/Container/Container.php(696): Illuminate\\Container\\BoundMethod::call()
#23 /mnt/c/Users/Richa/wound-care-react-laravel/vendor/laravel/framework/src/Illuminate/Database/Seeder.php(188): Illuminate\\Container\\Container->call()
#24 /mnt/c/Users/Richa/wound-care-react-laravel/vendor/laravel/framework/src/Illuminate/Database/Seeder.php(197): Illuminate\\Database\\Seeder->Illuminate\\Database\\{closure}()
#25 /mnt/c/Users/Richa/wound-care-react-laravel/vendor/laravel/framework/src/Illuminate/Database/Seeder.php(61): Illuminate\\Database\\Seeder->__invoke()
#26 /mnt/c/Users/Richa/wound-care-react-laravel/database/seeders/DatabaseSeeder.php(692): Illuminate\\Database\\Seeder->call()
#27 /mnt/c/Users/Richa/wound-care-react-laravel/vendor/laravel/framework/src/Illuminate/Container/BoundMethod.php(36): Database\\Seeders\\DatabaseSeeder->run()
#28 /mnt/c/Users/Richa/wound-care-react-laravel/vendor/laravel/framework/src/Illuminate/Container/Util.php(43): Illuminate\\Container\\BoundMethod::Illuminate\\Container\\{closure}()
#29 /mnt/c/Users/Richa/wound-care-react-laravel/vendor/laravel/framework/src/Illuminate/Container/BoundMethod.php(95): Illuminate\\Container\\Util::unwrapIfClosure()
#30 /mnt/c/Users/Richa/wound-care-react-laravel/vendor/laravel/framework/src/Illuminate/Container/BoundMethod.php(35): Illuminate\\Container\\BoundMethod::callBoundMethod()
#31 /mnt/c/Users/Richa/wound-care-react-laravel/vendor/laravel/framework/src/Illuminate/Container/Container.php(696): Illuminate\\Container\\BoundMethod::call()
#32 /mnt/c/Users/Richa/wound-care-react-laravel/vendor/laravel/framework/src/Illuminate/Database/Seeder.php(188): Illuminate\\Container\\Container->call()
#33 /mnt/c/Users/Richa/wound-care-react-laravel/vendor/laravel/framework/src/Illuminate/Database/Seeder.php(197): Illuminate\\Database\\Seeder->Illuminate\\Database\\{closure}()
#34 /mnt/c/Users/Richa/wound-care-react-laravel/vendor/laravel/framework/src/Illuminate/Database/Console/Seeds/SeedCommand.php(70): Illuminate\\Database\\Seeder->__invoke()
#35 /mnt/c/Users/Richa/wound-care-react-laravel/vendor/laravel/framework/src/Illuminate/Database/Eloquent/Concerns/GuardsAttributes.php(149): Illuminate\\Database\\Console\\Seeds\\SeedCommand->Illuminate\\Database\\Console\\Seeds\\{closure}()
#36 /mnt/c/Users/Richa/wound-care-react-laravel/vendor/laravel/framework/src/Illuminate/Database/Console/Seeds/SeedCommand.php(69): Illuminate\\Database\\Eloquent\\Model::unguarded()
#37 /mnt/c/Users/Richa/wound-care-react-laravel/vendor/laravel/framework/src/Illuminate/Container/BoundMethod.php(36): Illuminate\\Database\\Console\\Seeds\\SeedCommand->handle()
#38 /mnt/c/Users/Richa/wound-care-react-laravel/vendor/laravel/framework/src/Illuminate/Container/Util.php(43): Illuminate\\Container\\BoundMethod::Illuminate\\Container\\{closure}()
#39 /mnt/c/Users/Richa/wound-care-react-laravel/vendor/laravel/framework/src/Illuminate/Container/BoundMethod.php(95): Illuminate\\Container\\Util::unwrapIfClosure()
#40 /mnt/c/Users/Richa/wound-care-react-laravel/vendor/laravel/framework/src/Illuminate/Container/BoundMethod.php(35): Illuminate\\Container\\BoundMethod::callBoundMethod()
#41 /mnt/c/Users/Richa/wound-care-react-laravel/vendor/laravel/framework/src/Illuminate/Container/Container.php(696): Illuminate\\Container\\BoundMethod::call()
#42 /mnt/c/Users/Richa/wound-care-react-laravel/vendor/laravel/framework/src/Illuminate/Console/Command.php(213): Illuminate\\Container\\Container->call()
#43 /mnt/c/Users/Richa/wound-care-react-laravel/vendor/symfony/console/Command/Command.php(318): Illuminate\\Console\\Command->execute()
#44 /mnt/c/Users/Richa/wound-care-react-laravel/vendor/laravel/framework/src/Illuminate/Console/Command.php(182): Symfony\\Component\\Console\\Command\\Command->run()
#45 /mnt/c/Users/Richa/wound-care-react-laravel/vendor/symfony/console/Application.php(1092): Illuminate\\Console\\Command->run()
#46 /mnt/c/Users/Richa/wound-care-react-laravel/vendor/symfony/console/Application.php(341): Symfony\\Component\\Console\\Application->doRunCommand()
#47 /mnt/c/Users/Richa/wound-care-react-laravel/vendor/symfony/console/Application.php(192): Symfony\\Component\\Console\\Application->doRun()
#48 /mnt/c/Users/Richa/wound-care-react-laravel/vendor/laravel/framework/src/Illuminate/Foundation/Console/Kernel.php(198): Symfony\\Component\\Console\\Application->run()
#49 /mnt/c/Users/Richa/wound-care-react-laravel/vendor/laravel/framework/src/Illuminate/Foundation/Application.php(1235): Illuminate\\Foundation\\Console\\Kernel->handle()
#50 /mnt/c/Users/Richa/wound-care-react-laravel/artisan(13): Illuminate\\Foundation\\Application->handleCommand()
#51 {main}

[previous exception] [object] (PDOException(code: 23000): SQLSTATE[23000]: Integrity constraint violation: 1062 Duplicate entry '75423' for key 'docuseal_folders.docuseal_folders_docuseal_folder_id_unique' at /mnt/c/Users/Richa/wound-care-react-laravel/vendor/laravel/framework/src/Illuminate/Database/MySqlConnection.php:53)
[stacktrace]
#0 /mnt/c/Users/Richa/wound-care-react-laravel/vendor/laravel/framework/src/Illuminate/Database/MySqlConnection.php(53): PDOStatement->execute()
#1 /mnt/c/Users/Richa/wound-care-react-laravel/vendor/laravel/framework/src/Illuminate/Database/Connection.php(812): Illuminate\\Database\\MySqlConnection->Illuminate\\Database\\{closure}()
#2 /mnt/c/Users/Richa/wound-care-react-laravel/vendor/laravel/framework/src/Illuminate/Database/Connection.php(779): Illuminate\\Database\\Connection->runQueryCallback()
#3 /mnt/c/Users/Richa/wound-care-react-laravel/vendor/laravel/framework/src/Illuminate/Database/MySqlConnection.php(42): Illuminate\\Database\\Connection->run()
#4 /mnt/c/Users/Richa/wound-care-react-laravel/vendor/laravel/framework/src/Illuminate/Database/Query/Builder.php(3717): Illuminate\\Database\\MySqlConnection->insert()
#5 /mnt/c/Users/Richa/wound-care-react-laravel/vendor/laravel/framework/src/Illuminate/Database/Eloquent/Builder.php(2120): Illuminate\\Database\\Query\\Builder->insert()
#6 /mnt/c/Users/Richa/wound-care-react-laravel/vendor/laravel/framework/src/Illuminate/Database/Eloquent/Model.php(1335): Illuminate\\Database\\Eloquent\\Builder->__call()
#7 /mnt/c/Users/Richa/wound-care-react-laravel/vendor/laravel/framework/src/Illuminate/Database/Eloquent/Model.php(1163): Illuminate\\Database\\Eloquent\\Model->performInsert()
#8 /mnt/c/Users/Richa/wound-care-react-laravel/vendor/laravel/framework/src/Illuminate/Database/Eloquent/Builder.php(1128): Illuminate\\Database\\Eloquent\\Model->save()
#9 /mnt/c/Users/Richa/wound-care-react-laravel/vendor/laravel/framework/src/Illuminate/Support/helpers.php(399): Illuminate\\Database\\Eloquent\\Builder->Illuminate\\Database\\Eloquent\\{closure}()
#10 /mnt/c/Users/Richa/wound-care-react-laravel/vendor/laravel/framework/src/Illuminate/Database/Eloquent/Builder.php(1127): tap()
#11 /mnt/c/Users/Richa/wound-care-react-laravel/vendor/laravel/framework/src/Illuminate/Database/Eloquent/Builder.php(634): Illuminate\\Database\\Eloquent\\Builder->create()
#12 /mnt/c/Users/Richa/wound-care-react-laravel/vendor/laravel/framework/src/Illuminate/Database/Eloquent/Builder.php(1864): Illuminate\\Database\\Eloquent\\Builder->Illuminate\\Database\\Eloquent\\{closure}()
#13 /mnt/c/Users/Richa/wound-care-react-laravel/vendor/laravel/framework/src/Illuminate/Database/Eloquent/Builder.php(634): Illuminate\\Database\\Eloquent\\Builder->withSavepointIfNeeded()
#14 /mnt/c/Users/Richa/wound-care-react-laravel/vendor/laravel/framework/src/Illuminate/Database/Eloquent/Builder.php(621): Illuminate\\Database\\Eloquent\\Builder->createOrFirst()
#15 /mnt/c/Users/Richa/wound-care-react-laravel/vendor/laravel/framework/src/Illuminate/Database/Eloquent/Builder.php(649): Illuminate\\Database\\Eloquent\\Builder->firstOrCreate()
#16 /mnt/c/Users/Richa/wound-care-react-laravel/vendor/laravel/framework/src/Illuminate/Support/Traits/ForwardsCalls.php(23): Illuminate\\Database\\Eloquent\\Builder->updateOrCreate()
#17 /mnt/c/Users/Richa/wound-care-react-laravel/vendor/laravel/framework/src/Illuminate/Database/Eloquent/Model.php(2372): Illuminate\\Database\\Eloquent\\Model->forwardCallTo()
#18 /mnt/c/Users/Richa/wound-care-react-laravel/vendor/laravel/framework/src/Illuminate/Database/Eloquent/Model.php(2384): Illuminate\\Database\\Eloquent\\Model->__call()
#19 /mnt/c/Users/Richa/wound-care-react-laravel/database/seeders/DocusealTemplateSeeder.php(130): Illuminate\\Database\\Eloquent\\Model::__callStatic()
#20 /mnt/c/Users/Richa/wound-care-react-laravel/vendor/laravel/framework/src/Illuminate/Container/BoundMethod.php(36): Database\\Seeders\\DocusealTemplateSeeder->run()
#21 /mnt/c/Users/Richa/wound-care-react-laravel/vendor/laravel/framework/src/Illuminate/Container/Util.php(43): Illuminate\\Container\\BoundMethod::Illuminate\\Container\\{closure}()
#22 /mnt/c/Users/Richa/wound-care-react-laravel/vendor/laravel/framework/src/Illuminate/Container/BoundMethod.php(95): Illuminate\\Container\\Util::unwrapIfClosure()
#23 /mnt/c/Users/Richa/wound-care-react-laravel/vendor/laravel/framework/src/Illuminate/Container/BoundMethod.php(35): Illuminate\\Container\\BoundMethod::callBoundMethod()
#24 /mnt/c/Users/Richa/wound-care-react-laravel/vendor/laravel/framework/src/Illuminate/Container/Container.php(696): Illuminate\\Container\\BoundMethod::call()
#25 /mnt/c/Users/Richa/wound-care-react-laravel/vendor/laravel/framework/src/Illuminate/Database/Seeder.php(188): Illuminate\\Container\\Container->call()
#26 /mnt/c/Users/Richa/wound-care-react-laravel/vendor/laravel/framework/src/Illuminate/Database/Seeder.php(197): Illuminate\\Database\\Seeder->Illuminate\\Database\\{closure}()
#27 /mnt/c/Users/Richa/wound-care-react-laravel/vendor/laravel/framework/src/Illuminate/Database/Seeder.php(61): Illuminate\\Database\\Seeder->__invoke()
#28 /mnt/c/Users/Richa/wound-care-react-laravel/database/seeders/DatabaseSeeder.php(692): Illuminate\\Database\\Seeder->call()
#29 /mnt/c/Users/Richa/wound-care-react-laravel/vendor/laravel/framework/src/Illuminate/Container/BoundMethod.php(36): Database\\Seeders\\DatabaseSeeder->run()
#30 /mnt/c/Users/Richa/wound-care-react-laravel/vendor/laravel/framework/src/Illuminate/Container/Util.php(43): Illuminate\\Container\\BoundMethod::Illuminate\\Container\\{closure}()
#31 /mnt/c/Users/Richa/wound-care-react-laravel/vendor/laravel/framework/src/Illuminate/Container/BoundMethod.php(95): Illuminate\\Container\\Util::unwrapIfClosure()
#32 /mnt/c/Users/Richa/wound-care-react-laravel/vendor/laravel/framework/src/Illuminate/Container/BoundMethod.php(35): Illuminate\\Container\\BoundMethod::callBoundMethod()
#33 /mnt/c/Users/Richa/wound-care-react-laravel/vendor/laravel/framework/src/Illuminate/Container/Container.php(696): Illuminate\\Container\\BoundMethod::call()
#34 /mnt/c/Users/Richa/wound-care-react-laravel/vendor/laravel/framework/src/Illuminate/Database/Seeder.php(188): Illuminate\\Container\\Container->call()
#35 /mnt/c/Users/Richa/wound-care-react-laravel/vendor/laravel/framework/src/Illuminate/Database/Seeder.php(197): Illuminate\\Database\\Seeder->Illuminate\\Database\\{closure}()
#36 /mnt/c/Users/Richa/wound-care-react-laravel/vendor/laravel/framework/src/Illuminate/Database/Console/Seeds/SeedCommand.php(70): Illuminate\\Database\\Seeder->__invoke()
#37 /mnt/c/Users/Richa/wound-care-react-laravel/vendor/laravel/framework/src/Illuminate/Database/Eloquent/Concerns/GuardsAttributes.php(149): Illuminate\\Database\\Console\\Seeds\\SeedCommand->Illuminate\\Database\\Console\\Seeds\\{closure}()
#38 /mnt/c/Users/Richa/wound-care-react-laravel/vendor/laravel/framework/src/Illuminate/Database/Console/Seeds/SeedCommand.php(69): Illuminate\\Database\\Eloquent\\Model::unguarded()
#39 /mnt/c/Users/Richa/wound-care-react-laravel/vendor/laravel/framework/src/Illuminate/Container/BoundMethod.php(36): Illuminate\\Database\\Console\\Seeds\\SeedCommand->handle()
#40 /mnt/c/Users/Richa/wound-care-react-laravel/vendor/laravel/framework/src/Illuminate/Container/Util.php(43): Illuminate\\Container\\BoundMethod::Illuminate\\Container\\{closure}()
#41 /mnt/c/Users/Richa/wound-care-react-laravel/vendor/laravel/framework/src/Illuminate/Container/BoundMethod.php(95): Illuminate\\Container\\Util::unwrapIfClosure()
#42 /mnt/c/Users/Richa/wound-care-react-laravel/vendor/laravel/framework/src/Illuminate/Container/BoundMethod.php(35): Illuminate\\Container\\BoundMethod::callBoundMethod()
#43 /mnt/c/Users/Richa/wound-care-react-laravel/vendor/laravel/framework/src/Illuminate/Container/Container.php(696): Illuminate\\Container\\BoundMethod::call()
#44 /mnt/c/Users/Richa/wound-care-react-laravel/vendor/laravel/framework/src/Illuminate/Console/Command.php(213): Illuminate\\Container\\Container->call()
#45 /mnt/c/Users/Richa/wound-care-react-laravel/vendor/symfony/console/Command/Command.php(318): Illuminate\\Console\\Command->execute()
#46 /mnt/c/Users/Richa/wound-care-react-laravel/vendor/laravel/framework/src/Illuminate/Console/Command.php(182): Symfony\\Component\\Console\\Command\\Command->run()
#47 /mnt/c/Users/Richa/wound-care-react-laravel/vendor/symfony/console/Application.php(1092): Illuminate\\Console\\Command->run()
#48 /mnt/c/Users/Richa/wound-care-react-laravel/vendor/symfony/console/Application.php(341): Symfony\\Component\\Console\\Application->doRunCommand()
#49 /mnt/c/Users/Richa/wound-care-react-laravel/vendor/symfony/console/Application.php(192): Symfony\\Component\\Console\\Application->doRun()
#50 /mnt/c/Users/Richa/wound-care-react-laravel/vendor/laravel/framework/src/Illuminate/Foundation/Console/Kernel.php(198): Symfony\\Component\\Console\\Application->run()
#51 /mnt/c/Users/Richa/wound-care-react-laravel/vendor/laravel/framework/src/Illuminate/Foundation/Application.php(1235): Illuminate\\Foundation\\Console\\Kernel->handle()
#52 /mnt/c/Users/Richa/wound-care-react-laravel/artisan(13): Illuminate\\Foundation\\Application->handleCommand()
#53 {main}
"} 
[2025-06-26 17:25:43] local.INFO: DocuSeal Configuration Loaded {"api_key_present":true,"api_key_length":43,"api_url":"https://api.docuseal.com","config_api_key":"SET","config_api_url":"https://api.docuseal.com"} 
[2025-06-26 17:25:43] local.INFO: CmsCoverageApiService initialized {"base_url":"https://api.coverage.cms.gov/v1","throttle_limit":9000,"cache_minutes":60,"ppl_api_enabled":false} 
[2025-06-26 17:26:11] local.INFO: DocuSeal Configuration Loaded {"api_key_present":true,"api_key_length":43,"api_url":"https://api.docuseal.com","config_api_key":"SET","config_api_url":"https://api.docuseal.com"} 
[2025-06-26 17:26:11] local.INFO: CmsCoverageApiService initialized {"base_url":"https://api.coverage.cms.gov/v1","throttle_limit":9000,"cache_minutes":60,"ppl_api_enabled":false} 
[2025-06-26 17:26:37] local.INFO: DocuSeal Configuration Loaded {"api_key_present":true,"api_key_length":43,"api_url":"https://api.docuseal.com","config_api_key":"SET","config_api_url":"https://api.docuseal.com"} 
[2025-06-26 17:26:37] local.INFO: CmsCoverageApiService initialized {"base_url":"https://api.coverage.cms.gov/v1","throttle_limit":9000,"cache_minutes":60,"ppl_api_enabled":false} 
[2025-06-26 17:28:52] local.INFO: DocuSeal Configuration Loaded {"api_key_present":true,"api_key_length":43,"api_url":"https://api.docuseal.com","config_api_key":"SET","config_api_url":"https://api.docuseal.com"} 
[2025-06-26 17:28:52] local.INFO: CmsCoverageApiService initialized {"base_url":"https://api.coverage.cms.gov/v1","throttle_limit":9000,"cache_minutes":60,"ppl_api_enabled":false} 
