[2025-06-21 20:00:28] local.INFO: CmsCoverageApiService initialized {"base_url":"https://api.coverage.cms.gov/v1","throttle_limit":9000,"cache_minutes":60,"ppl_api_enabled":false} 
[2025-06-22 00:35:02] local.INFO: CmsCoverageApiService initialized {"base_url":"https://api.coverage.cms.gov/v1","throttle_limit":9000,"cache_minutes":60,"ppl_api_enabled":false} 
[2025-06-22 08:41:52] local.INFO: CmsCoverageApiService initialized {"base_url":"https://api.coverage.cms.gov/v1","throttle_limit":9000,"cache_minutes":60,"ppl_api_enabled":false} 
[2025-06-22 08:43:42] local.INFO: CmsCoverageApiService initialized {"base_url":"https://api.coverage.cms.gov/v1","throttle_limit":9000,"cache_minutes":60,"ppl_api_enabled":false} 
[2025-06-22 09:37:02] local.INFO: CmsCoverageApiService initialized {"base_url":"https://api.coverage.cms.gov/v1","throttle_limit":9000,"cache_minutes":60,"ppl_api_enabled":false} 
[2025-06-24 10:10:03] laravel.EMERGENCY: Unable to create configured logger. Using emergency logger. {"exception":"[object] (TypeError(code: 0): Monolog\\Handler\\SlackWebhookHandler::__construct(): Argument #1 ($webhookUrl) must be of type string, null given, called in /mnt/c/Users/Richa/wound-care-react-laravel/vendor/laravel/framework/src/Illuminate/Log/LogManager.php on line 346 at /mnt/c/Users/Richa/wound-care-react-laravel/vendor/monolog/monolog/src/Monolog/Handler/SlackWebhookHandler.php:50)
[stacktrace]
#0 /mnt/c/Users/Richa/wound-care-react-laravel/vendor/laravel/framework/src/Illuminate/Log/LogManager.php(346): Monolog\\Handler\\SlackWebhookHandler->__construct()
#1 /mnt/c/Users/Richa/wound-care-react-laravel/vendor/laravel/framework/src/Illuminate/Log/LogManager.php(242): Illuminate\\Log\\LogManager->createSlackDriver()
#2 /mnt/c/Users/Richa/wound-care-react-laravel/vendor/laravel/framework/src/Illuminate/Log/LogManager.php(139): Illuminate\\Log\\LogManager->resolve()
#3 /mnt/c/Users/Richa/wound-care-react-laravel/vendor/laravel/framework/src/Illuminate/Log/LogManager.php(126): Illuminate\\Log\\LogManager->get()
#4 /mnt/c/Users/Richa/wound-care-react-laravel/vendor/laravel/framework/src/Illuminate/Log/LogManager.php(115): Illuminate\\Log\\LogManager->driver()
#5 /mnt/c/Users/Richa/wound-care-react-laravel/vendor/laravel/framework/src/Illuminate/Log/LogManager.php(287): Illuminate\\Log\\LogManager->channel()
#6 [internal function]: Illuminate\\Log\\LogManager->Illuminate\\Log\\{closure}()
#7 /mnt/c/Users/Richa/wound-care-react-laravel/vendor/laravel/framework/src/Illuminate/Collections/Arr.php(609): array_map()
#8 /mnt/c/Users/Richa/wound-care-react-laravel/vendor/laravel/framework/src/Illuminate/Collections/Collection.php(799): Illuminate\\Support\\Arr::map()
#9 /mnt/c/Users/Richa/wound-care-react-laravel/vendor/laravel/framework/src/Illuminate/Collections/Traits/EnumeratesValues.php(431): Illuminate\\Support\\Collection->map()
#10 /mnt/c/Users/Richa/wound-care-react-laravel/vendor/laravel/framework/src/Illuminate/Log/LogManager.php(284): Illuminate\\Support\\Collection->flatMap()
#11 /mnt/c/Users/Richa/wound-care-react-laravel/vendor/laravel/framework/src/Illuminate/Log/LogManager.php(242): Illuminate\\Log\\LogManager->createStackDriver()
#12 /mnt/c/Users/Richa/wound-care-react-laravel/vendor/laravel/framework/src/Illuminate/Log/LogManager.php(139): Illuminate\\Log\\LogManager->resolve()
#13 /mnt/c/Users/Richa/wound-care-react-laravel/vendor/laravel/framework/src/Illuminate/Log/LogManager.php(126): Illuminate\\Log\\LogManager->get()
#14 /mnt/c/Users/Richa/wound-care-react-laravel/vendor/laravel/framework/src/Illuminate/Log/LogManager.php(742): Illuminate\\Log\\LogManager->driver()
#15 /mnt/c/Users/Richa/wound-care-react-laravel/vendor/laravel/framework/src/Illuminate/Support/Facades/Facade.php(361): Illuminate\\Log\\LogManager->info()
#16 /mnt/c/Users/Richa/wound-care-react-laravel/app/Services/DocusealService.php(25): Illuminate\\Support\\Facades\\Facade::__callStatic()
#17 /mnt/c/Users/Richa/wound-care-react-laravel/app/Providers/AppServiceProvider.php(80): App\\Services\\DocuSealService->__construct()
#18 /mnt/c/Users/Richa/wound-care-react-laravel/vendor/laravel/framework/src/Illuminate/Container/Container.php(952): App\\Providers\\AppServiceProvider->App\\Providers\\{closure}()
#19 /mnt/c/Users/Richa/wound-care-react-laravel/vendor/laravel/framework/src/Illuminate/Container/Container.php(832): Illuminate\\Container\\Container->build()
#20 /mnt/c/Users/Richa/wound-care-react-laravel/vendor/laravel/framework/src/Illuminate/Foundation/Application.php(1078): Illuminate\\Container\\Container->resolve()
#21 /mnt/c/Users/Richa/wound-care-react-laravel/vendor/laravel/framework/src/Illuminate/Container/Container.php(763): Illuminate\\Foundation\\Application->resolve()
#22 /mnt/c/Users/Richa/wound-care-react-laravel/vendor/laravel/framework/src/Illuminate/Foundation/Application.php(1058): Illuminate\\Container\\Container->make()
#23 /mnt/c/Users/Richa/wound-care-react-laravel/vendor/laravel/framework/src/Illuminate/Container/Container.php(1133): Illuminate\\Foundation\\Application->make()
#24 /mnt/c/Users/Richa/wound-care-react-laravel/vendor/laravel/framework/src/Illuminate/Container/Container.php(1043): Illuminate\\Container\\Container->resolveClass()
#25 /mnt/c/Users/Richa/wound-care-react-laravel/vendor/laravel/framework/src/Illuminate/Container/Container.php(994): Illuminate\\Container\\Container->resolveDependencies()
#26 /mnt/c/Users/Richa/wound-care-react-laravel/vendor/laravel/framework/src/Illuminate/Container/Container.php(832): Illuminate\\Container\\Container->build()
#27 /mnt/c/Users/Richa/wound-care-react-laravel/vendor/laravel/framework/src/Illuminate/Foundation/Application.php(1078): Illuminate\\Container\\Container->resolve()
#28 /mnt/c/Users/Richa/wound-care-react-laravel/vendor/laravel/framework/src/Illuminate/Container/Container.php(763): Illuminate\\Foundation\\Application->resolve()
#29 /mnt/c/Users/Richa/wound-care-react-laravel/vendor/laravel/framework/src/Illuminate/Foundation/Application.php(1058): Illuminate\\Container\\Container->make()
#30 /mnt/c/Users/Richa/wound-care-react-laravel/vendor/laravel/framework/src/Illuminate/Console/Application.php(262): Illuminate\\Foundation\\Application->make()
#31 /mnt/c/Users/Richa/wound-care-react-laravel/vendor/laravel/framework/src/Illuminate/Foundation/Console/Kernel.php(376): Illuminate\\Console\\Application->resolve()
#32 /mnt/c/Users/Richa/wound-care-react-laravel/vendor/laravel/framework/src/Illuminate/Console/Application.php(134): Illuminate\\Foundation\\Console\\Kernel->Illuminate\\Foundation\\Console\\{closure}()
#33 /mnt/c/Users/Richa/wound-care-react-laravel/vendor/laravel/framework/src/Illuminate/Console/Application.php(81): Illuminate\\Console\\Application->bootstrap()
#34 /mnt/c/Users/Richa/wound-care-react-laravel/vendor/laravel/framework/src/Illuminate/Foundation/Console/Kernel.php(540): Illuminate\\Console\\Application->__construct()
#35 /mnt/c/Users/Richa/wound-care-react-laravel/vendor/laravel/framework/src/Illuminate/Foundation/Console/Kernel.php(198): Illuminate\\Foundation\\Console\\Kernel->getArtisan()
#36 /mnt/c/Users/Richa/wound-care-react-laravel/vendor/laravel/framework/src/Illuminate/Foundation/Application.php(1235): Illuminate\\Foundation\\Console\\Kernel->handle()
#37 /mnt/c/Users/Richa/wound-care-react-laravel/artisan(13): Illuminate\\Foundation\\Application->handleCommand()
#38 {main}
"} 
[2025-06-24 10:10:03] laravel.EMERGENCY: Unable to create configured logger. Using emergency logger. {"exception":"[object] (TypeError(code: 0): Monolog\\Handler\\SlackWebhookHandler::__construct(): Argument #1 ($webhookUrl) must be of type string, null given, called in /mnt/c/Users/Richa/wound-care-react-laravel/vendor/laravel/framework/src/Illuminate/Log/LogManager.php on line 346 at /mnt/c/Users/Richa/wound-care-react-laravel/vendor/monolog/monolog/src/Monolog/Handler/SlackWebhookHandler.php:50)
[stacktrace]
#0 /mnt/c/Users/Richa/wound-care-react-laravel/vendor/laravel/framework/src/Illuminate/Log/LogManager.php(346): Monolog\\Handler\\SlackWebhookHandler->__construct()
#1 /mnt/c/Users/Richa/wound-care-react-laravel/vendor/laravel/framework/src/Illuminate/Log/LogManager.php(242): Illuminate\\Log\\LogManager->createSlackDriver()
#2 /mnt/c/Users/Richa/wound-care-react-laravel/vendor/laravel/framework/src/Illuminate/Log/LogManager.php(139): Illuminate\\Log\\LogManager->resolve()
#3 /mnt/c/Users/Richa/wound-care-react-laravel/vendor/laravel/framework/src/Illuminate/Log/LogManager.php(126): Illuminate\\Log\\LogManager->get()
#4 /mnt/c/Users/Richa/wound-care-react-laravel/vendor/laravel/framework/src/Illuminate/Log/LogManager.php(115): Illuminate\\Log\\LogManager->driver()
#5 /mnt/c/Users/Richa/wound-care-react-laravel/vendor/laravel/framework/src/Illuminate/Log/LogManager.php(293): Illuminate\\Log\\LogManager->channel()
#6 [internal function]: Illuminate\\Log\\LogManager->Illuminate\\Log\\{closure}()
#7 /mnt/c/Users/Richa/wound-care-react-laravel/vendor/laravel/framework/src/Illuminate/Collections/Arr.php(609): array_map()
#8 /mnt/c/Users/Richa/wound-care-react-laravel/vendor/laravel/framework/src/Illuminate/Collections/Collection.php(799): Illuminate\\Support\\Arr::map()
#9 /mnt/c/Users/Richa/wound-care-react-laravel/vendor/laravel/framework/src/Illuminate/Collections/Traits/EnumeratesValues.php(431): Illuminate\\Support\\Collection->map()
#10 /mnt/c/Users/Richa/wound-care-react-laravel/vendor/laravel/framework/src/Illuminate/Log/LogManager.php(290): Illuminate\\Support\\Collection->flatMap()
#11 /mnt/c/Users/Richa/wound-care-react-laravel/vendor/laravel/framework/src/Illuminate/Log/LogManager.php(242): Illuminate\\Log\\LogManager->createStackDriver()
#12 /mnt/c/Users/Richa/wound-care-react-laravel/vendor/laravel/framework/src/Illuminate/Log/LogManager.php(139): Illuminate\\Log\\LogManager->resolve()
#13 /mnt/c/Users/Richa/wound-care-react-laravel/vendor/laravel/framework/src/Illuminate/Log/LogManager.php(126): Illuminate\\Log\\LogManager->get()
#14 /mnt/c/Users/Richa/wound-care-react-laravel/vendor/laravel/framework/src/Illuminate/Log/LogManager.php(742): Illuminate\\Log\\LogManager->driver()
#15 /mnt/c/Users/Richa/wound-care-react-laravel/vendor/laravel/framework/src/Illuminate/Support/Facades/Facade.php(361): Illuminate\\Log\\LogManager->info()
#16 /mnt/c/Users/Richa/wound-care-react-laravel/app/Services/DocusealService.php(25): Illuminate\\Support\\Facades\\Facade::__callStatic()
#17 /mnt/c/Users/Richa/wound-care-react-laravel/app/Providers/AppServiceProvider.php(80): App\\Services\\DocuSealService->__construct()
#18 /mnt/c/Users/Richa/wound-care-react-laravel/vendor/laravel/framework/src/Illuminate/Container/Container.php(952): App\\Providers\\AppServiceProvider->App\\Providers\\{closure}()
#19 /mnt/c/Users/Richa/wound-care-react-laravel/vendor/laravel/framework/src/Illuminate/Container/Container.php(832): Illuminate\\Container\\Container->build()
#20 /mnt/c/Users/Richa/wound-care-react-laravel/vendor/laravel/framework/src/Illuminate/Foundation/Application.php(1078): Illuminate\\Container\\Container->resolve()
#21 /mnt/c/Users/Richa/wound-care-react-laravel/vendor/laravel/framework/src/Illuminate/Container/Container.php(763): Illuminate\\Foundation\\Application->resolve()
#22 /mnt/c/Users/Richa/wound-care-react-laravel/vendor/laravel/framework/src/Illuminate/Foundation/Application.php(1058): Illuminate\\Container\\Container->make()
#23 /mnt/c/Users/Richa/wound-care-react-laravel/vendor/laravel/framework/src/Illuminate/Container/Container.php(1133): Illuminate\\Foundation\\Application->make()
#24 /mnt/c/Users/Richa/wound-care-react-laravel/vendor/laravel/framework/src/Illuminate/Container/Container.php(1043): Illuminate\\Container\\Container->resolveClass()
#25 /mnt/c/Users/Richa/wound-care-react-laravel/vendor/laravel/framework/src/Illuminate/Container/Container.php(994): Illuminate\\Container\\Container->resolveDependencies()
#26 /mnt/c/Users/Richa/wound-care-react-laravel/vendor/laravel/framework/src/Illuminate/Container/Container.php(832): Illuminate\\Container\\Container->build()
#27 /mnt/c/Users/Richa/wound-care-react-laravel/vendor/laravel/framework/src/Illuminate/Foundation/Application.php(1078): Illuminate\\Container\\Container->resolve()
#28 /mnt/c/Users/Richa/wound-care-react-laravel/vendor/laravel/framework/src/Illuminate/Container/Container.php(763): Illuminate\\Foundation\\Application->resolve()
#29 /mnt/c/Users/Richa/wound-care-react-laravel/vendor/laravel/framework/src/Illuminate/Foundation/Application.php(1058): Illuminate\\Container\\Container->make()
#30 /mnt/c/Users/Richa/wound-care-react-laravel/vendor/laravel/framework/src/Illuminate/Console/Application.php(262): Illuminate\\Foundation\\Application->make()
#31 /mnt/c/Users/Richa/wound-care-react-laravel/vendor/laravel/framework/src/Illuminate/Foundation/Console/Kernel.php(376): Illuminate\\Console\\Application->resolve()
#32 /mnt/c/Users/Richa/wound-care-react-laravel/vendor/laravel/framework/src/Illuminate/Console/Application.php(134): Illuminate\\Foundation\\Console\\Kernel->Illuminate\\Foundation\\Console\\{closure}()
#33 /mnt/c/Users/Richa/wound-care-react-laravel/vendor/laravel/framework/src/Illuminate/Console/Application.php(81): Illuminate\\Console\\Application->bootstrap()
#34 /mnt/c/Users/Richa/wound-care-react-laravel/vendor/laravel/framework/src/Illuminate/Foundation/Console/Kernel.php(540): Illuminate\\Console\\Application->__construct()
#35 /mnt/c/Users/Richa/wound-care-react-laravel/vendor/laravel/framework/src/Illuminate/Foundation/Console/Kernel.php(198): Illuminate\\Foundation\\Console\\Kernel->getArtisan()
#36 /mnt/c/Users/Richa/wound-care-react-laravel/vendor/laravel/framework/src/Illuminate/Foundation/Application.php(1235): Illuminate\\Foundation\\Console\\Kernel->handle()
#37 /mnt/c/Users/Richa/wound-care-react-laravel/artisan(13): Illuminate\\Foundation\\Application->handleCommand()
#38 {main}
"} 
[2025-06-24 10:10:03] local.INFO: DocuSeal Configuration Loaded {"api_key_present":true,"api_key_length":43,"api_url":"https://api.docuseal.com","config_api_key":"SET","config_api_url":"https://api.docuseal.com"} 
[2025-06-24 10:10:03] local.INFO: CmsCoverageApiService initialized {"base_url":"https://api.coverage.cms.gov/v1","throttle_limit":9000,"cache_minutes":60,"ppl_api_enabled":false} 
